<?xml version="1.0" encoding="UTF-8"?>
<!-- Generated by org.testng.reporters.JUnitXMLReporter -->
<testsuite ignored="0" hostname="ABIRAMI" failures="2" tests="4" name="All Tests" time="9.546" errors="0" timestamp="2026-03-04T12:49:10 IST">
  <testcase classname="tests.LoginTest" name="testLogin" time="0.731"/>
  <testcase classname="tests.LoginTest" name="testLogin" time="0.433"/>
  <testcase classname="tests.ProductTest" name="testAddProduct" time="0.0">
    <failure type="org.testng.TestNGException" message="
Data Provider public java.lang.Object[][] tests.ProductTest.productData() returned a null value">
      <![CDATA[org.testng.TestNGException: 
Data Provider public java.lang.Object[][] tests.ProductTest.productData() returned a null value
at java.base/java.util.ArrayList.forEach(ArrayList.java:1604)
... Removed 24 stack frames]]>
    </failure>
  </testcase> <!-- testAddProduct -->
  <testcase classname="tests.OrderTest" name="orderTest" time="0.0">
    <failure type="org.testng.TestNGException" message="
Data Provider public java.lang.Object[][] tests.OrderTest.productData() returned a null value">
      <![CDATA[org.testng.TestNGException: 
Data Provider public java.lang.Object[][] tests.OrderTest.productData() returned a null value
at java.base/java.util.ArrayList.forEach(ArrayList.java:1604)
... Removed 24 stack frames]]>
    </failure>
  </testcase> <!-- orderTest -->
</testsuite> <!-- All Tests -->
