<?xml version="1.0" encoding="UTF-8"?>
<!-- Generated by org.testng.reporters.JUnitXMLReporter -->
<testsuite ignored="0" hostname="ABIRAMI" failures="1" tests="1" name="Tests" time="0.087" errors="0" timestamp="2026-03-03T23:46:51 IST">
  <testcase classname="tests.LoginTest" name="testLogin" time="0.0">
    <failure type="org.testng.TestNGException" message="
Data Provider public java.lang.Object[][] tests.LoginTest.loginData() returned a null value">
      <![CDATA[org.testng.TestNGException: 
Data Provider public java.lang.Object[][] tests.LoginTest.loginData() returned a null value
at java.base/java.util.ArrayList.forEach(ArrayList.java:1604)
... Removed 24 stack frames]]>
    </failure>
  </testcase> <!-- testLogin -->
</testsuite> <!-- Tests -->
