<?xml version="1.0" encoding="UTF-8"?>
<testng-results ignored="0" total="1" passed="1" failed="0" skipped="0">
  <reporter-output>
  </reporter-output>
  <suite started-at="2026-02-26T21:58:16 IST" name="Default suite" finished-at="2026-02-26T21:58:24 IST" duration-ms="7742">
    <groups>
    </groups>
    <test started-at="2026-02-26T21:58:16 IST" name="Default test" finished-at="2026-02-26T21:58:24 IST" duration-ms="7742">
      <class name="mavjenkinpac.SampleTest">
        <test-method signature="openGoogle()[pri:0, instance:mavjenkinpac.SampleTest@48ae9b55]" started-at="2026-02-26T21:58:17 IST" name="openGoogle" finished-at="2026-02-26T21:58:24 IST" duration-ms="7697" status="PASS">
          <reporter-output>
          </reporter-output>
        </test-method> <!-- openGoogle -->
      </class> <!-- mavjenkinpac.SampleTest -->
    </test> <!-- Default test -->
  </suite> <!-- Default suite -->
</testng-results>
